This is pdfTeX, Version 3.14159265-2.6-1.40.21 (MiKTeX 2.9.7400 64-bit) (preloaded format=pdflatex 2020.7.7)  8 JUL 2020 18:50
entering extended mode
**./SS2020_Gomez_Parra_Penfold.tex
(SS2020_Gomez_Parra_Penfold.tex
LaTeX2e <2020-02-02> patch level 5
L3 programming layer <2020-06-18> (ieeeconf.cls
Document Class: ieeeconf 2016/4/23 revision V1.6b by Pradeep Misra
\@IEEEtrantmpdimenA=\dimen134
\@IEEEtrantmpdimenB=\dimen135
\@IEEEtrantmpcountA=\count167
\@IEEEtrantmpcountB=\count168
\@IEEEtrantmptoksA=\toks15
LaTeX Font Info:    Trying to load font information for OT1+ptm on input line 7
94.
(C:\Users\Brennan\AppData\Local\Programs\MiKTeX\tex/latex/psnfss\ot1ptm.fd
File: ot1ptm.fd 2001/06/04 font definitions for OT1/ptm.
)
\@IEEEnormalsizefontbaselineskip=\skip47

-- This is a 10 point document.
\normalsizebaselineskip=\skip48
\normaljot=\skip49
LaTeX Font Info:    Font shape `OT1/ptm/bx/n' in size <5> not available
(Font)              Font shape `OT1/ptm/b/n' tried instead on input line 1113.
LaTeX Font Info:    Font shape `OT1/ptm/bx/it' in size <5> not available
(Font)              Font shape `OT1/ptm/b/it' tried instead on input line 1113.

LaTeX Font Info:    Font shape `OT1/ptm/bx/n' in size <7> not available
(Font)              Font shape `OT1/ptm/b/n' tried instead on input line 1113.
LaTeX Font Info:    Font shape `OT1/ptm/bx/it' in size <7> not available
(Font)              Font shape `OT1/ptm/b/it' tried instead on input line 1113.

LaTeX Font Info:    Font shape `OT1/ptm/bx/n' in size <8> not available
(Font)              Font shape `OT1/ptm/b/n' tried instead on input line 1113.
LaTeX Font Info:    Font shape `OT1/ptm/bx/it' in size <8> not available
(Font)              Font shape `OT1/ptm/b/it' tried instead on input line 1113.

LaTeX Font Info:    Font shape `OT1/ptm/bx/n' in size <9> not available
(Font)              Font shape `OT1/ptm/b/n' tried instead on input line 1113.
LaTeX Font Info:    Font shape `OT1/ptm/bx/it' in size <9> not available
(Font)              Font shape `OT1/ptm/b/it' tried instead on input line 1113.

LaTeX Font Info:    Font shape `OT1/ptm/bx/n' in size <10> not available
(Font)              Font shape `OT1/ptm/b/n' tried instead on input line 1113.
LaTeX Font Info:    Font shape `OT1/ptm/bx/it' in size <10> not available
(Font)              Font shape `OT1/ptm/b/it' tried instead on input line 1113.

LaTeX Font Info:    Font shape `OT1/ptm/bx/n' in size <11> not available
(Font)              Font shape `OT1/ptm/b/n' tried instead on input line 1113.
LaTeX Font Info:    Font shape `OT1/ptm/bx/it' in size <11> not available
(Font)              Font shape `OT1/ptm/b/it' tried instead on input line 1113.

LaTeX Font Info:    Font shape `OT1/ptm/bx/n' in size <12> not available
(Font)              Font shape `OT1/ptm/b/n' tried instead on input line 1113.
LaTeX Font Info:    Font shape `OT1/ptm/bx/it' in size <12> not available
(Font)              Font shape `OT1/ptm/b/it' tried instead on input line 1113.

LaTeX Font Info:    Font shape `OT1/ptm/bx/n' in size <16> not available
(Font)              Font shape `OT1/ptm/b/n' tried instead on input line 1113.
LaTeX Font Info:    Font shape `OT1/ptm/bx/it' in size <16> not available
(Font)              Font shape `OT1/ptm/b/it' tried instead on input line 1113.

LaTeX Font Info:    Font shape `OT1/ptm/bx/n' in size <20> not available
(Font)              Font shape `OT1/ptm/b/n' tried instead on input line 1113.
LaTeX Font Info:    Font shape `OT1/ptm/bx/it' in size <20> not available
(Font)              Font shape `OT1/ptm/b/it' tried instead on input line 1113.

LaTeX Font Info:    Font shape `OT1/ptm/bx/n' in size <24> not available
(Font)              Font shape `OT1/ptm/b/n' tried instead on input line 1113.
LaTeX Font Info:    Font shape `OT1/ptm/bx/it' in size <24> not available
(Font)              Font shape `OT1/ptm/b/it' tried instead on input line 1113.

\IEEEilabelindentA=\dimen136
\IEEEilabelindentB=\dimen137
\IEEEilabelindent=\dimen138
\IEEEelabelindent=\dimen139
\IEEEdlabelindent=\dimen140
\labelindent=\dimen141
\IEEEiednormlabelsep=\dimen142
\IEEEiedmathlabelsep=\dimen143
\IEEEiedtopsep=\skip50
\c@section=\count169
\c@subsection=\count170
\c@subsubsection=\count171
\c@paragraph=\count172
\c@IEEEsubequation=\count173
\abovecaptionskip=\skip51
\belowcaptionskip=\skip52
\c@figure=\count174
\c@table=\count175
\@IEEEeqnnumcols=\count176
\@IEEEeqncolcnt=\count177
\@IEEEtmpitemindent=\dimen144
\c@biography=\count178
\@IEEEtranrubishbin=\box45
)
** ATTENTION: Overriding command lockouts (line 9).
** ATTENTION: Overriding IEEE standard margins (line 12).

(C:\Users\Brennan\AppData\Local\Programs\MiKTeX\tex/latex/graphics\graphics.sty
Package: graphics 2019/11/30 v1.4a Standard LaTeX Graphics (DPC,SPQR)
(C:\Users\Brennan\AppData\Local\Programs\MiKTeX\tex/latex/graphics\trig.sty
Package: trig 2016/01/03 v1.10 sin cos tan (DPC)
)
(C:\Users\Brennan\AppData\Local\Programs\MiKTeX\tex/latex/graphics-cfg\graphics
.cfg
File: graphics.cfg 2016/06/04 v1.11 sample graphics configuration
)
Package graphics Info: Driver file: pdftex.def on input line 105.

(C:\Users\Brennan\AppData\Local\Programs\MiKTeX\tex/latex/graphics-def\pdftex.d
ef
File: pdftex.def 2018/01/08 v1.0l Graphics/color driver for pdftex
))
(C:\Users\Brennan\AppData\Local\Programs\MiKTeX\tex/latex/graphics\epsfig.sty
Package: epsfig 2017/06/25 v1.7b (e)psfig emulation (SPQR)

(C:\Users\Brennan\AppData\Local\Programs\MiKTeX\tex/latex/graphics\graphicx.sty
Package: graphicx 2019/11/30 v1.2a Enhanced LaTeX Graphics (DPC,SPQR)
(C:\Users\Brennan\AppData\Local\Programs\MiKTeX\tex/latex/graphics\keyval.sty
Package: keyval 2014/10/28 v1.15 key=value parser (DPC)
\KV@toks@=\toks16
)
\Gin@req@height=\dimen145
\Gin@req@width=\dimen146
)
\epsfxsize=\dimen147
\epsfysize=\dimen148
) (C:\Users\Brennan\AppData\Local\Programs\MiKTeX\tex/latex/psnfss\mathptmx.sty
Package: mathptmx 2020/03/25 PSNFSS-v9.3 Times w/ Math, improved (SPQR, WaS) 
LaTeX Font Info:    Redeclaring symbol font `operators' on input line 28.
LaTeX Font Info:    Overwriting symbol font `operators' in version `normal'
(Font)                  OT1/cmr/m/n --> OT1/ztmcm/m/n on input line 28.
LaTeX Font Info:    Overwriting symbol font `operators' in version `bold'
(Font)                  OT1/cmr/bx/n --> OT1/ztmcm/m/n on input line 28.
LaTeX Font Info:    Redeclaring symbol font `letters' on input line 29.
LaTeX Font Info:    Overwriting symbol font `letters' in version `normal'
(Font)                  OML/cmm/m/it --> OML/ztmcm/m/it on input line 29.
LaTeX Font Info:    Overwriting symbol font `letters' in version `bold'
(Font)                  OML/cmm/b/it --> OML/ztmcm/m/it on input line 29.
LaTeX Font Info:    Redeclaring symbol font `symbols' on input line 30.
LaTeX Font Info:    Overwriting symbol font `symbols' in version `normal'
(Font)                  OMS/cmsy/m/n --> OMS/ztmcm/m/n on input line 30.
LaTeX Font Info:    Overwriting symbol font `symbols' in version `bold'
(Font)                  OMS/cmsy/b/n --> OMS/ztmcm/m/n on input line 30.
LaTeX Font Info:    Redeclaring symbol font `largesymbols' on input line 31.
LaTeX Font Info:    Overwriting symbol font `largesymbols' in version `normal'
(Font)                  OMX/cmex/m/n --> OMX/ztmcm/m/n on input line 31.
LaTeX Font Info:    Overwriting symbol font `largesymbols' in version `bold'
(Font)                  OMX/cmex/m/n --> OMX/ztmcm/m/n on input line 31.
\symbold=\mathgroup4
\symitalic=\mathgroup5
LaTeX Font Info:    Redeclaring math alphabet \mathbf on input line 34.
LaTeX Font Info:    Overwriting math alphabet `\mathbf' in version `normal'
(Font)                  OT1/cmr/bx/n --> OT1/ptm/bx/n on input line 34.
LaTeX Font Info:    Overwriting math alphabet `\mathbf' in version `bold'
(Font)                  OT1/cmr/bx/n --> OT1/ptm/bx/n on input line 34.
LaTeX Font Info:    Redeclaring math alphabet \mathit on input line 35.
LaTeX Font Info:    Overwriting math alphabet `\mathit' in version `normal'
(Font)                  OT1/cmr/m/it --> OT1/ptm/m/it on input line 35.
LaTeX Font Info:    Overwriting math alphabet `\mathit' in version `bold'
(Font)                  OT1/cmr/bx/it --> OT1/ptm/m/it on input line 35.
LaTeX Info: Redefining \hbar on input line 50.
) (C:\Users\Brennan\AppData\Local\Programs\MiKTeX\tex/latex/psnfss\times.sty
Package: times 2020/03/25 PSNFSS-v9.3 (SPQR) 
)
(C:\Users\Brennan\AppData\Local\Programs\MiKTeX\tex/latex/amsmath\amsmath.sty
Package: amsmath 2020/01/20 v2.17e AMS math features
\@mathmargin=\skip53

For additional information on amsmath, use the `?' option.
(C:\Users\Brennan\AppData\Local\Programs\MiKTeX\tex/latex/amsmath\amstext.sty
Package: amstext 2000/06/29 v2.01 AMS text

(C:\Users\Brennan\AppData\Local\Programs\MiKTeX\tex/latex/amsmath\amsgen.sty
File: amsgen.sty 1999/11/30 v2.0 generic functions
\@emptytoks=\toks17
\ex@=\dimen149
))
(C:\Users\Brennan\AppData\Local\Programs\MiKTeX\tex/latex/amsmath\amsbsy.sty
Package: amsbsy 1999/11/29 v1.2d Bold Symbols
\pmbraise@=\dimen150
)
(C:\Users\Brennan\AppData\Local\Programs\MiKTeX\tex/latex/amsmath\amsopn.sty
Package: amsopn 2016/03/08 v2.02 operator names
)
\inf@bad=\count179
LaTeX Info: Redefining \frac on input line 227.
\uproot@=\count180
\leftroot@=\count181
LaTeX Info: Redefining \overline on input line 389.
\classnum@=\count182
\DOTSCASE@=\count183
LaTeX Info: Redefining \ldots on input line 486.
LaTeX Info: Redefining \dots on input line 489.
LaTeX Info: Redefining \cdots on input line 610.
\Mathstrutbox@=\box46
\strutbox@=\box47
\big@size=\dimen151
LaTeX Font Info:    Redeclaring font encoding OML on input line 733.
LaTeX Font Info:    Redeclaring font encoding OMS on input line 734.
\macc@depth=\count184
\c@MaxMatrixCols=\count185
\dotsspace@=\muskip16
\c@parentequation=\count186
\dspbrk@lvl=\count187
\tag@help=\toks18
\row@=\count188
\column@=\count189
\maxfields@=\count190
\andhelp@=\toks19
\eqnshift@=\dimen152
\alignsep@=\dimen153
\tagshift@=\dimen154
\tagwidth@=\dimen155
\totwidth@=\dimen156
\lineht@=\dimen157
\@envbody=\toks20
\multlinegap=\skip54
\multlinetaggap=\skip55
\mathdisplay@stack=\toks21
LaTeX Info: Redefining \[ on input line 2859.
LaTeX Info: Redefining \] on input line 2860.
)
(C:\Users\Brennan\AppData\Local\Programs\MiKTeX\tex/latex/amsfonts\amssymb.sty
Package: amssymb 2013/01/14 v3.01 AMS font symbols

(C:\Users\Brennan\AppData\Local\Programs\MiKTeX\tex/latex/amsfonts\amsfonts.sty
Package: amsfonts 2013/01/14 v3.01 Basic AMSFonts support
\symAMSa=\mathgroup6
\symAMSb=\mathgroup7
LaTeX Font Info:    Overwriting math alphabet `\mathfrak' in version `bold'
(Font)                  U/euf/m/n --> U/euf/b/n on input line 106.
)) (C:\Users\Brennan\AppData\Local\Programs\MiKTeX\tex/latex/float\float.sty
Package: float 2001/11/08 v1.3d Float enhancements (AL)
\c@float@type=\count191
\float@exts=\toks22
\float@box=\box48
\@float@everytoks=\toks23
\@floatcapt=\box49
)
(C:\Users\Brennan\AppData\Local\Programs\MiKTeX\tex/latex/l3backend\l3backend-p
dfmode.def
File: l3backend-pdfmode.def 2020-06-29 L3 backend support: PDF mode
\l__kernel_color_stack_int=\count192
\l__pdf_internal_box=\box50
) (SS2020_Gomez_Parra_Penfold.aux)
\openout1 = `SS2020_Gomez_Parra_Penfold.aux'.

LaTeX Font Info:    Checking defaults for OML/cmm/m/it on input line 40.
LaTeX Font Info:    ... okay on input line 40.
LaTeX Font Info:    Checking defaults for OMS/cmsy/m/n on input line 40.
LaTeX Font Info:    ... okay on input line 40.
LaTeX Font Info:    Checking defaults for OT1/cmr/m/n on input line 40.
LaTeX Font Info:    ... okay on input line 40.
LaTeX Font Info:    Checking defaults for T1/cmr/m/n on input line 40.
LaTeX Font Info:    ... okay on input line 40.
LaTeX Font Info:    Checking defaults for TS1/cmr/m/n on input line 40.
LaTeX Font Info:    ... okay on input line 40.
LaTeX Font Info:    Checking defaults for OMX/cmex/m/n on input line 40.
LaTeX Font Info:    ... okay on input line 40.
LaTeX Font Info:    Checking defaults for U/cmr/m/n on input line 40.
LaTeX Font Info:    ... okay on input line 40.

(C:\Users\Brennan\AppData\Local\Programs\MiKTeX\tex/context/base/mkii\supp-pdf.
mkii
[Loading MPS to PDF converter (version 2006.09.02).]
\scratchcounter=\count193
\scratchdimen=\dimen158
\scratchbox=\box51
\nofMPsegments=\count194
\nofMParguments=\count195
\everyMPshowfont=\toks24
\MPscratchCnt=\count196
\MPscratchDim=\dimen159
\MPnumerator=\count197
\makeMPintoPDFobject=\count198
\everyMPtoPDFconversion=\toks25
)
(C:\Users\Brennan\AppData\Local\Programs\MiKTeX\tex/latex/epstopdf-pkg\epstopdf
-base.sty
Package: epstopdf-base 2020-01-24 v2.11 Base part for package epstopdf
Package epstopdf-base Info: Redefining graphics rule for `.eps' on input line 4
85.
)
LaTeX Font Info:    Trying to load font information for OT1+ztmcm on input line
 91.

(C:\Users\Brennan\AppData\Local\Programs\MiKTeX\tex/latex/psnfss\ot1ztmcm.fd
File: ot1ztmcm.fd 2000/01/03 Fontinst v1.801 font definitions for OT1/ztmcm.
)
LaTeX Font Info:    Trying to load font information for OML+ztmcm on input line
 91.

(C:\Users\Brennan\AppData\Local\Programs\MiKTeX\tex/latex/psnfss\omlztmcm.fd
File: omlztmcm.fd 2000/01/03 Fontinst v1.801 font definitions for OML/ztmcm.
)
LaTeX Font Info:    Trying to load font information for OMS+ztmcm on input line
 91.

(C:\Users\Brennan\AppData\Local\Programs\MiKTeX\tex/latex/psnfss\omsztmcm.fd
File: omsztmcm.fd 2000/01/03 Fontinst v1.801 font definitions for OMS/ztmcm.
)
LaTeX Font Info:    Trying to load font information for OMX+ztmcm on input line
 91.

(C:\Users\Brennan\AppData\Local\Programs\MiKTeX\tex/latex/psnfss\omxztmcm.fd
File: omxztmcm.fd 2000/01/03 Fontinst v1.801 font definitions for OMX/ztmcm.
)
LaTeX Font Info:    Font shape `OT1/ptm/bx/n' in size <7.4> not available
(Font)              Font shape `OT1/ptm/b/n' tried instead on input line 91.
LaTeX Font Info:    Font shape `OT1/ptm/bx/n' in size <6> not available
(Font)              Font shape `OT1/ptm/b/n' tried instead on input line 91.

[1{C:/Users/Brennan/AppData/Local/MiKTeX/2.9/pdftex/config/pdftex.map}


]
<images/capsule-capsule.png, id=13, 1348.03625pt x 842.14626pt>
File: images/capsule-capsule.png Graphic file (type png)
<use images/capsule-capsule.png>
Package pdftex.def Info: images/capsule-capsule.png  used on input line 145.
(pdftex.def)             Requested size: 202.19672pt x 126.31648pt.


LaTeX Warning: Citation `1' on page 2 undefined on input line 153.

<images/steering_angle.png, id=15, 268.00125pt x 130.23656pt>
File: images/steering_angle.png Graphic file (type png)
<use images/steering_angle.png>
Package pdftex.def Info: images/steering_angle.png  used on input line 166.
(pdftex.def)             Requested size: 268.00058pt x 130.23624pt.

LaTeX Warning: Citation `1' on page 2 undefined on input line 167.

[2 <./images/capsule-capsule.png> <./images/steering_angle.png (PNG copy)>]
Underfull \hbox (badness 10000) in paragraph at lines 259--260
[]\OT1/ptm/m/n/8 S. Adee, \Dean Ka-men's `Luke Arm' Pros-the-sis Read-ies
 []


Underfull \hbox (badness 10000) in paragraph at lines 259--260
\OT1/ptm/m/n/8 for Clin-i-cal Tri-als - IEEE Spec-trum," IEEE Spec-trum:
 []


Underfull \hbox (badness 4291) in paragraph at lines 259--260
\OT1/ptm/m/n/8 Tech-nol-ogy, En-gi-neer-ing, and Sci-ence News, Feb. 01, 2008.
 []


Underfull \hbox (badness 10000) in paragraph at lines 259--260
\OT1/ptm/m/n/8 https://spectrum.ieee.org/biomedical/bionics/dean-kamens-luke-ar
m-
 []


Underfull \hbox (badness 6493) in paragraph at lines 262--263
\OT1/ptm/m/n/8 A Wol-fram Web Re-source, cre-ated by Eric W. Weis-stein.
 []


** Conference Paper **
Before submitting the final camera ready copy, remember to:

 1. Manually equalize the lengths of two columns on the last page
 of your paper;

 2. Ensure that any PostScript and/or PDF output post-processing
 uses only Type 1 fonts and that every step in the generation
 process uses the US letter (8.5in X 11in) paper size.

[3] (SS2020_Gomez_Parra_Penfold.aux)

LaTeX Warning: There were undefined references.

 ) 
Here is how much of TeX's memory you used:
 3036 strings out of 480794
 44606 string characters out of 2896558
 285248 words of memory out of 3000000
 19010 multiletter control sequences out of 15000+200000
 579355 words of font info for 112 fonts, out of 3000000 for 9000
 1141 hyphenation exceptions out of 8191
 33i,8n,31p,1241b,285s stack positions out of 5000i,500n,10000p,200000b,50000s
{C:/Users/Brennan/AppData/Local/Programs/MiKTeX/fonts/enc/dvips/base/8r.enc}<
C:/Users/Brennan/AppData/Local/Programs/MiKTeX/fonts/type1/public/amsfonts/cm/c
mmi10.pfb><C:/Users/Brennan/AppData/Local/Programs/MiKTeX/fonts/type1/public/am
sfonts/cm/cmr10.pfb><C:/Users/Brennan/AppData/Local/Programs/MiKTeX/fonts/type1
/public/amsfonts/cm/cmsy10.pfb><C:/Users/Brennan/AppData/Local/Programs/MiKTeX/
fonts/type1/urw/symbol/usyr.pfb><C:/Users/Brennan/AppData/Local/Programs/MiKTeX
/fonts/type1/urw/symbol/usyr.pfb><C:/Users/Brennan/AppData/Local/Programs/MiKTe
X/fonts/type1/urw/times/utmb8a.pfb><C:/Users/Brennan/AppData/Local/Programs/MiK
TeX/fonts/type1/urw/times/utmbi8a.pfb><C:/Users/Brennan/AppData/Local/Programs/
MiKTeX/fonts/type1/urw/times/utmr8a.pfb><C:/Users/Brennan/AppData/Local/Program
s/MiKTeX/fonts/type1/urw/times/utmri8a.pfb>
Output written on SS2020_Gomez_Parra_Penfold.pdf (3 pages, 308397 bytes).
PDF statistics:
 53 PDF objects out of 1000 (max. 8388607)
 0 named destinations out of 1000 (max. 500000)
 11 words of extra memory for PDF output out of 10000 (max. 10000000)

